0 info it worked if it ends with ok
1 verbose cli [ 'C:\\Program Files\\nodejs\\node.exe',
1 verbose cli   'C:\\Program Files\\nodejs\\node_modules\\npm\\bin\\npm-cli.js',
1 verbose cli   'publish' ]
2 info using npm@3.10.8
3 info using node@v6.8.0
4 verbose publish [ '.' ]
5 silly cache add args [ '.', null ]
6 verbose cache add spec .
7 silly cache add parsed spec Result {
7 silly cache add   raw: '.',
7 silly cache add   scope: null,
7 silly cache add   escapedName: null,
7 silly cache add   name: null,
7 silly cache add   rawSpec: '.',
7 silly cache add   spec: 'C:\\github.com\\dabanheiji\\react-markdown-editor',
7 silly cache add   type: 'directory' }
8 verbose addLocalDirectory C:\Users\changpengyuan\AppData\Roaming\npm-cache\react-markdown-editor\1.0.0\package.tgz not in flight; packing
9 verbose correctMkdir C:\Users\changpengyuan\AppData\Roaming\npm-cache correctMkdir not in flight; initializing
10 info lifecycle react-markdown-editor@1.0.0~prepublish: react-markdown-editor@1.0.0
11 silly lifecycle react-markdown-editor@1.0.0~prepublish: no script for prepublish, continuing
12 verbose tar pack [ 'C:\\Users\\changpengyuan\\AppData\\Roaming\\npm-cache\\react-markdown-editor\\1.0.0\\package.tgz',
12 verbose tar pack   'C:\\github.com\\dabanheiji\\react-markdown-editor' ]
13 verbose tarball C:\Users\changpengyuan\AppData\Roaming\npm-cache\react-markdown-editor\1.0.0\package.tgz
14 verbose folder C:\github.com\dabanheiji\react-markdown-editor
15 verbose addLocalTarball adding from inside cache C:\Users\changpengyuan\AppData\Roaming\npm-cache\react-markdown-editor\1.0.0\package.tgz
16 verbose correctMkdir C:\Users\changpengyuan\AppData\Roaming\npm-cache correctMkdir not in flight; initializing
17 silly cache afterAdd react-markdown-editor@1.0.0
18 verbose afterAdd C:\Users\changpengyuan\AppData\Roaming\npm-cache\react-markdown-editor\1.0.0\package\package.json not in flight; writing
19 verbose correctMkdir C:\Users\changpengyuan\AppData\Roaming\npm-cache correctMkdir not in flight; initializing
20 verbose afterAdd C:\Users\changpengyuan\AppData\Roaming\npm-cache\react-markdown-editor\1.0.0\package\package.json written
21 silly publish { name: 'react-markdown-editor',
21 silly publish   version: '1.0.0',
21 silly publish   main: 'es/index.js',
21 silly publish   repository:
21 silly publish    { type: 'git',
21 silly publish      url: 'git+ssh://git@github.com/dabanheiji/react-markdown-editor.git' },
21 silly publish   author: { name: 'changpengyuan', email: 'pengyuan.chang@sotos.com.cn' },
21 silly publish   license: 'MIT',
21 silly publish   scripts: { build: 'yarn run rollup -c', start: 'yarn run rollup -c -w' },
21 silly publish   devDependencies:
21 silly publish    { '@babel/core': '^7.14.6',
21 silly publish      '@babel/preset-env': '^7.14.5',
21 silly publish      '@babel/preset-react': '^7.14.5',
21 silly publish      '@babel/preset-typescript': '^7.14.5',
21 silly publish      '@types/markdown-it': '^12.0.2',
21 silly publish      '@types/node': '^15.12.2',
21 silly publish      '@types/react': '^17.0.11',
21 silly publish      antd: '^4.16.3',
21 silly publish      react: '^17.0.2',
21 silly publish      rollup: '^2.51.2',
21 silly publish      'rollup-plugin-babel': '^4.4.0',
21 silly publish      'rollup-plugin-typescript2': '^0.30.0',
21 silly publish      typescript: '^4.3.2' },
21 silly publish   dependencies:
21 silly publish    { 'highlight.js': '^11.0.1',
21 silly publish      'markdown-it': '^12.0.6',
21 silly publish      '@types/styled-components': '^5.1.10',
21 silly publish      'styled-components': '^5.3.0' },
21 silly publish   readme: '# react-markdown-editor\r\n\r\n一个基于`react`框架的`markdown`编辑器',
21 silly publish   readmeFilename: 'README.md',
21 silly publish   gitHead: 'c07941ad5f1baa8b4ab5c584bff14d0fc2f7e7e2',
21 silly publish   description: '一个基于`react`框架的`markdown`编辑器',
21 silly publish   bugs: { url: 'https://github.com/dabanheiji/react-markdown-editor/issues' },
21 silly publish   homepage: 'https://github.com/dabanheiji/react-markdown-editor#readme',
21 silly publish   _id: 'react-markdown-editor@1.0.0',
21 silly publish   _shasum: '9f8ab37f3901261023f8fead0d9cf3ec37ea1afb',
21 silly publish   _from: '.' }
22 verbose getPublishConfig undefined
23 silly mapToRegistry name react-markdown-editor
24 silly mapToRegistry using default registry
25 silly mapToRegistry registry https://registry.npmjs.org/
26 silly mapToRegistry data Result {
26 silly mapToRegistry   raw: 'react-markdown-editor',
26 silly mapToRegistry   scope: null,
26 silly mapToRegistry   escapedName: 'react-markdown-editor',
26 silly mapToRegistry   name: 'react-markdown-editor',
26 silly mapToRegistry   rawSpec: '',
26 silly mapToRegistry   spec: 'latest',
26 silly mapToRegistry   type: 'tag' }
27 silly mapToRegistry uri https://registry.npmjs.org/react-markdown-editor
28 verbose publish registryBase https://registry.npmjs.org/
29 silly publish uploading C:\Users\changpengyuan\AppData\Roaming\npm-cache\react-markdown-editor\1.0.0\package.tgz
30 verbose request uri https://registry.npmjs.org/react-markdown-editor
31 verbose request sending authorization for write operation
32 info attempt registry request try #1 at 12:45:35
33 verbose request using bearer token for auth
34 verbose request id 7e539d27b77e03f2
35 http request PUT https://registry.npmjs.org/react-markdown-editor
36 http 403 https://registry.npmjs.org/react-markdown-editor
37 verbose headers { date: 'Thu, 01 Jul 2021 04:45:37 GMT',
37 verbose headers   'content-type': 'application/json',
37 verbose headers   'transfer-encoding': 'chunked',
37 verbose headers   connection: 'keep-alive',
37 verbose headers   'cf-ray': '667cfc65adbf360f-LAX',
37 verbose headers   'cf-cache-status': 'DYNAMIC',
37 verbose headers   'cf-request-id': '0b01fc138a0000360f2c129000000001',
37 verbose headers   'expect-ct': 'max-age=604800, report-uri="https://report-uri.cloudflare.com/cdn-cgi/beacon/expect-ct"',
37 verbose headers   vary: 'Accept-Encoding',
37 verbose headers   server: 'cloudflare',
37 verbose headers   'content-encoding': 'gzip' }
38 verbose request invalidating C:\Users\changpengyuan\AppData\Roaming\npm-cache\registry.npmjs.org\react-markdown-editor on PUT
39 error publish Failed PUT 403
40 verbose stack Error: You do not have permission to publish "react-markdown-editor". Are you logged in as the correct user? : react-markdown-editor
40 verbose stack     at makeError (C:\Users\changpengyuan\AppData\Roaming\nvm\v6.8.0\node_modules\npm\node_modules\npm-registry-client\lib\request.js:302:12)
40 verbose stack     at CachingRegistryClient.<anonymous> (C:\Users\changpengyuan\AppData\Roaming\nvm\v6.8.0\node_modules\npm\node_modules\npm-registry-client\lib\request.js:290:14)
40 verbose stack     at C:\Users\changpengyuan\AppData\Roaming\nvm\v6.8.0\node_modules\npm\node_modules\npm-registry-client\lib\request.js:216:7
40 verbose stack     at Gunzip.onEnd (zlib.js:227:5)
40 verbose stack     at emitNone (events.js:91:20)
40 verbose stack     at Gunzip.emit (events.js:185:7)
40 verbose stack     at endReadableNT (_stream_readable.js:974:12)
40 verbose stack     at _combinedTickCallback (internal/process/next_tick.js:74:11)
40 verbose stack     at process._tickCallback (internal/process/next_tick.js:98:9)
41 verbose statusCode 403
42 verbose pkgid react-markdown-editor
43 verbose cwd C:\github.com\dabanheiji\react-markdown-editor
44 error Windows_NT 10.0.19041
45 error argv "C:\\Program Files\\nodejs\\node.exe" "C:\\Program Files\\nodejs\\node_modules\\npm\\bin\\npm-cli.js" "publish"
46 error node v6.8.0
47 error npm  v3.10.8
48 error code E403
49 error You do not have permission to publish "react-markdown-editor". Are you logged in as the correct user? : react-markdown-editor
50 error If you need help, you may report this error at:
50 error     <https://github.com/npm/npm/issues>
51 verbose exit [ 1, true ]
